Build started 2017-03-06 11:27:17.
     1>Project "C:\Users\alex.modee\Git\Daer-Isac2\Dear_Isaac\prototype1\prototype1\prototype1.vcxproj" on node 2 (Build target(s)).
     1>ClCompile:
         C:\Program Files (x86)\Microsoft Visual Studio 14.0\VC\bin\x86_amd64\CL.exe /c /IC:\GitHub\prototype1\sfml\include /ZI /nologo /W3 /WX- /Od /D _DEBUG /D _CONSOLE /D _UNICODE /D UNICODE /Gm /EHsc /RTC1 /MDd /GS /fp:precise /Zc:wchar_t /Zc:forScope /Zc:inline /Fo"x64\Debug\\" /Fd"x64\Debug\vc140.pdb" /Gd /TP /errorReport:prompt main.cpp
         main.cpp
     1>c:\users\alex.modee\git\daer-isac2\dear_isaac\prototype1\prototype1\main.cpp(35): warning C4244: 'argument': conversion from 'time_t' to 'unsigned int', possible loss of data
     1>c:\users\alex.modee\git\daer-isac2\dear_isaac\prototype1\prototype1\main.cpp(39): warning C4244: '=': conversion from 'double' to 'float', possible loss of data
     1>c:\users\alex.modee\git\daer-isac2\dear_isaac\prototype1\prototype1\main.cpp(52): warning C4244: '=': conversion from 'double' to 'float', possible loss of data
     1>c:\users\alex.modee\git\daer-isac2\dear_isaac\prototype1\prototype1\main.cpp(71): warning C4244: 'initializing': conversion from 'double' to 'float', possible loss of data
     1>c:\users\alex.modee\git\daer-isac2\dear_isaac\prototype1\prototype1\main.cpp(83): warning C4838: conversion from 'unsigned int' to 'int' requires a narrowing conversion
     1>c:\users\alex.modee\git\daer-isac2\dear_isaac\prototype1\prototype1\main.cpp(91): warning C4244: 'argument': conversion from 'int' to 'float', possible loss of data
     1>c:\users\alex.modee\git\daer-isac2\dear_isaac\prototype1\prototype1\main.cpp(91): warning C4244: 'argument': conversion from 'double' to 'float', possible loss of data
     1>c:\users\alex.modee\git\daer-isac2\dear_isaac\prototype1\prototype1\main.cpp(95): warning C4244: 'argument': conversion from 'double' to 'float', possible loss of data
     1>c:\users\alex.modee\git\daer-isac2\dear_isaac\prototype1\prototype1\main.cpp(97): warning C4244: 'argument': conversion from 'double' to 'float', possible loss of data
     1>c:\users\alex.modee\git\daer-isac2\dear_isaac\prototype1\prototype1\main.cpp(105): warning C4244: 'initializing': conversion from 'double' to 'float', possible loss of data
     1>c:\users\alex.modee\git\daer-isac2\dear_isaac\prototype1\prototype1\main.cpp(120): warning C4244: 'argument': conversion from 'double' to 'float', possible loss of data
     1>c:\users\alex.modee\git\daer-isac2\dear_isaac\prototype1\prototype1\main.cpp(121): warning C4244: 'argument': conversion from 'double' to 'float', possible loss of data
     1>c:\users\alex.modee\git\daer-isac2\dear_isaac\prototype1\prototype1\main.cpp(125): warning C4244: 'argument': conversion from 'double' to 'float', possible loss of data
     1>c:\users\alex.modee\git\daer-isac2\dear_isaac\prototype1\prototype1\main.cpp(126): warning C4244: 'argument': conversion from 'double' to 'float', possible loss of data
     1>c:\users\alex.modee\git\daer-isac2\dear_isaac\prototype1\prototype1\main.cpp(137): warning C4244: 'argument': conversion from 'double' to 'float', possible loss of data
     1>c:\users\alex.modee\git\daer-isac2\dear_isaac\prototype1\prototype1\main.cpp(138): warning C4244: 'argument': conversion from 'double' to 'float', possible loss of data
     1>c:\users\alex.modee\git\daer-isac2\dear_isaac\prototype1\prototype1\main.cpp(142): warning C4244: 'argument': conversion from 'double' to 'float', possible loss of data
     1>c:\users\alex.modee\git\daer-isac2\dear_isaac\prototype1\prototype1\main.cpp(143): warning C4244: 'argument': conversion from 'double' to 'float', possible loss of data
     1>c:\users\alex.modee\git\daer-isac2\dear_isaac\prototype1\prototype1\main.cpp(175): warning C4838: conversion from 'unsigned int' to 'int' requires a narrowing conversion
     1>c:\users\alex.modee\git\daer-isac2\dear_isaac\prototype1\prototype1\main.cpp(184): warning C4244: 'argument': conversion from 'int' to 'float', possible loss of data
     1>c:\users\alex.modee\git\daer-isac2\dear_isaac\prototype1\prototype1\main.cpp(184): warning C4244: 'argument': conversion from 'double' to 'float', possible loss of data
     1>c:\users\alex.modee\git\daer-isac2\dear_isaac\prototype1\prototype1\main.cpp(188): warning C4244: 'argument': conversion from 'double' to 'float', possible loss of data
     1>c:\users\alex.modee\git\daer-isac2\dear_isaac\prototype1\prototype1\main.cpp(190): warning C4244: 'argument': conversion from 'double' to 'float', possible loss of data
     1>c:\users\alex.modee\git\daer-isac2\dear_isaac\prototype1\prototype1\main.cpp(198): warning C4244: 'initializing': conversion from 'double' to 'float', possible loss of data
     1>c:\users\alex.modee\git\daer-isac2\dear_isaac\prototype1\prototype1\main.cpp(213): warning C4244: 'argument': conversion from 'double' to 'float', possible loss of data
     1>c:\users\alex.modee\git\daer-isac2\dear_isaac\prototype1\prototype1\main.cpp(214): warning C4244: 'argument': conversion from 'double' to 'float', possible loss of data
     1>c:\users\alex.modee\git\daer-isac2\dear_isaac\prototype1\prototype1\main.cpp(218): warning C4244: 'argument': conversion from 'double' to 'float', possible loss of data
     1>c:\users\alex.modee\git\daer-isac2\dear_isaac\prototype1\prototype1\main.cpp(219): warning C4244: 'argument': conversion from 'double' to 'float', possible loss of data
     1>c:\users\alex.modee\git\daer-isac2\dear_isaac\prototype1\prototype1\main.cpp(230): warning C4244: 'argument': conversion from 'double' to 'float', possible loss of data
     1>c:\users\alex.modee\git\daer-isac2\dear_isaac\prototype1\prototype1\main.cpp(231): warning C4244: 'argument': conversion from 'double' to 'float', possible loss of data
     1>c:\users\alex.modee\git\daer-isac2\dear_isaac\prototype1\prototype1\main.cpp(235): warning C4244: 'argument': conversion from 'double' to 'float', possible loss of data
     1>c:\users\alex.modee\git\daer-isac2\dear_isaac\prototype1\prototype1\main.cpp(236): warning C4244: 'argument': conversion from 'double' to 'float', possible loss of data
     1>c:\users\alex.modee\git\daer-isac2\dear_isaac\prototype1\prototype1\main.cpp(271): warning C4244: '=': conversion from 'unsigned int' to 'float', possible loss of data
     1>c:\users\alex.modee\git\daer-isac2\dear_isaac\prototype1\prototype1\main.cpp(272): warning C4244: '=': conversion from 'unsigned int' to 'float', possible loss of data
     1>c:\users\alex.modee\git\daer-isac2\dear_isaac\prototype1\prototype1\main.cpp(275): warning C4244: '=': conversion from 'double' to 'float', possible loss of data
     1>c:\users\alex.modee\git\daer-isac2\dear_isaac\prototype1\prototype1\main.cpp(276): warning C4244: '=': conversion from 'double' to 'float', possible loss of data
     1>c:\users\alex.modee\git\daer-isac2\dear_isaac\prototype1\prototype1\main.cpp(291): warning C4244: 'argument': conversion from 'double' to 'float', possible loss of data
     1>c:\users\alex.modee\git\daer-isac2\dear_isaac\prototype1\prototype1\main.cpp(293): warning C4244: 'argument': conversion from 'double' to 'float', possible loss of data
     1>c:\users\alex.modee\git\daer-isac2\dear_isaac\prototype1\prototype1\main.cpp(316): warning C4244: '=': conversion from 'double' to 'float', possible loss of data
     1>c:\users\alex.modee\git\daer-isac2\dear_isaac\prototype1\prototype1\main.cpp(317): warning C4244: '=': conversion from 'double' to 'float', possible loss of data
     1>c:\users\alex.modee\git\daer-isac2\dear_isaac\prototype1\prototype1\main.cpp(322): warning C4244: '=': conversion from 'double' to 'float', possible loss of data
     1>c:\users\alex.modee\git\daer-isac2\dear_isaac\prototype1\prototype1\main.cpp(323): warning C4244: '=': conversion from 'double' to 'float', possible loss of data
     1>c:\users\alex.modee\git\daer-isac2\dear_isaac\prototype1\prototype1\main.cpp(353): warning C4244: 'argument': conversion from 'unsigned int' to 'float', possible loss of data
     1>c:\users\alex.modee\git\daer-isac2\dear_isaac\prototype1\prototype1\main.cpp(353): warning C4244: 'argument': conversion from 'double' to 'float', possible loss of data
     1>c:\users\alex.modee\git\daer-isac2\dear_isaac\prototype1\prototype1\main.cpp(355): warning C4838: conversion from 'float' to 'int' requires a narrowing conversion
     1>c:\users\alex.modee\git\daer-isac2\dear_isaac\prototype1\prototype1\main.cpp(355): warning C4244: 'initializing': conversion from 'float' to 'int', possible loss of data
     1>c:\users\alex.modee\git\daer-isac2\dear_isaac\prototype1\prototype1\main.cpp(365): warning C4244: 'argument': conversion from 'int' to 'float', possible loss of data
     1>c:\users\alex.modee\git\daer-isac2\dear_isaac\prototype1\prototype1\main.cpp(365): warning C4244: 'argument': conversion from 'double' to 'float', possible loss of data
     1>c:\users\alex.modee\git\daer-isac2\dear_isaac\prototype1\prototype1\main.cpp(369): warning C4244: 'argument': conversion from 'double' to 'float', possible loss of data
     1>c:\users\alex.modee\git\daer-isac2\dear_isaac\prototype1\prototype1\main.cpp(371): warning C4244: 'argument': conversion from 'double' to 'float', possible loss of data
     1>c:\users\alex.modee\git\daer-isac2\dear_isaac\prototype1\prototype1\main.cpp(380): warning C4244: 'initializing': conversion from 'double' to 'float', possible loss of data
     1>c:\users\alex.modee\git\daer-isac2\dear_isaac\prototype1\prototype1\main.cpp(396): warning C4244: 'argument': conversion from 'double' to 'float', possible loss of data
     1>c:\users\alex.modee\git\daer-isac2\dear_isaac\prototype1\prototype1\main.cpp(397): warning C4244: 'argument': conversion from 'double' to 'float', possible loss of data
     1>c:\users\alex.modee\git\daer-isac2\dear_isaac\prototype1\prototype1\main.cpp(401): warning C4244: 'argument': conversion from 'double' to 'float', possible loss of data
     1>c:\users\alex.modee\git\daer-isac2\dear_isaac\prototype1\prototype1\main.cpp(402): warning C4244: 'argument': conversion from 'double' to 'float', possible loss of data
     1>c:\users\alex.modee\git\daer-isac2\dear_isaac\prototype1\prototype1\main.cpp(413): warning C4244: 'argument': conversion from 'double' to 'float', possible loss of data
     1>c:\users\alex.modee\git\daer-isac2\dear_isaac\prototype1\prototype1\main.cpp(414): warning C4244: 'argument': conversion from 'double' to 'float', possible loss of data
     1>c:\users\alex.modee\git\daer-isac2\dear_isaac\prototype1\prototype1\main.cpp(418): warning C4244: 'argument': conversion from 'double' to 'float', possible loss of data
     1>c:\users\alex.modee\git\daer-isac2\dear_isaac\prototype1\prototype1\main.cpp(419): warning C4244: 'argument': conversion from 'double' to 'float', possible loss of data
     1>c:\users\alex.modee\git\daer-isac2\dear_isaac\prototype1\prototype1\main.cpp(505): warning C4244: 'initializing': conversion from 'double' to 'float', possible loss of data
     1>c:\users\alex.modee\git\daer-isac2\dear_isaac\prototype1\prototype1\main.cpp(509): warning C4244: 'argument': conversion from 'int' to 'float', possible loss of data
     1>c:\users\alex.modee\git\daer-isac2\dear_isaac\prototype1\prototype1\main.cpp(511): warning C4244: 'argument': conversion from 'int' to 'float', possible loss of data
     1>c:\users\alex.modee\git\daer-isac2\dear_isaac\prototype1\prototype1\main.cpp(517): warning C4244: 'argument': conversion from 'unsigned int' to 'float', possible loss of data
     1>c:\users\alex.modee\git\daer-isac2\dear_isaac\prototype1\prototype1\main.cpp(520): warning C4244: 'argument': conversion from 'int' to 'float', possible loss of data
     1>c:\users\alex.modee\git\daer-isac2\dear_isaac\prototype1\prototype1\main.cpp(521): warning C4244: 'argument': conversion from 'int' to 'float', possible loss of data
     1>c:\users\alex.modee\git\daer-isac2\dear_isaac\prototype1\prototype1\main.cpp(523): warning C4244: 'argument': conversion from 'double' to 'int', possible loss of data
     1>c:\users\alex.modee\git\daer-isac2\dear_isaac\prototype1\prototype1\main.cpp(549): warning C4244: 'argument': conversion from 'double' to 'float', possible loss of data
     1>c:\users\alex.modee\git\daer-isac2\dear_isaac\prototype1\prototype1\main.cpp(593): warning C4244: 'argument': conversion from 'double' to 'int', possible loss of data
     1>c:\users\alex.modee\git\daer-isac2\dear_isaac\prototype1\prototype1\main.cpp(602): warning C4305: '+=': truncation from 'double' to 'float'
     1>c:\users\alex.modee\git\daer-isac2\dear_isaac\prototype1\prototype1\main.cpp(459): warning C4101: 'player_scale': unreferenced local variable
     1>c:\users\alex.modee\git\daer-isac2\dear_isaac\prototype1\prototype1\main.cpp(452): warning C4715: 'start_menue': not all control paths return a value
       Link:
         C:\Program Files (x86)\Microsoft Visual Studio 14.0\VC\bin\x86_amd64\link.exe /ERRORREPORT:PROMPT /OUT:"C:\Users\alex.modee\Git\Daer-Isac2\Dear_Isaac\prototype1\x64\Debug\prototype1.exe" /INCREMENTAL /NOLOGO /LIBPATH:C:\GitHub\prototype1\sfml\lib "sfml-system-d.lib" "sfml-graphics-d.lib" "sfml-audio-d.lib" "sfml-network-d.lib" "sfml-window-d.lib" kernel32.lib user32.lib gdi32.lib winspool.lib comdlg32.lib advapi32.lib shell32.lib ole32.lib oleaut32.lib uuid.lib odbc32.lib odbccp32.lib /MANIFEST /MANIFESTUAC:"level='asInvoker' uiAccess='false'" /manifest:embed /Debug /PDB:"C:\Users\alex.modee\Git\Daer-Isac2\Dear_Isaac\prototype1\x64\Debug\prototype1.pdb" /SUBSYSTEM:CONSOLE /TLBID:1 /DYNAMICBASE /NXCOMPAT /IMPLIB:"C:\Users\alex.modee\Git\Daer-Isac2\Dear_Isaac\prototype1\x64\Debug\prototype1.lib" /MACHINE:X64 x64\Debug\main.obj
         prototype1.vcxproj -> C:\Users\alex.modee\Git\Daer-Isac2\Dear_Isaac\prototype1\x64\Debug\prototype1.exe
     1>Done Building Project "C:\Users\alex.modee\Git\Daer-Isac2\Dear_Isaac\prototype1\prototype1\prototype1.vcxproj" (Build target(s)).

Build succeeded.

Time Elapsed 00:00:01.09
