  main.cpp
d:\dokument\git\dear_isaac\game prototype (multiple modules)\game1\main.cpp(34): warning C4244: 'argument': conversion from 'time_t' to 'unsigned int', possible loss of data
d:\dokument\git\dear_isaac\game prototype (multiple modules)\game1\main.cpp(38): warning C4244: 'initializing': conversion from 'double' to 'float', possible loss of data
d:\dokument\git\dear_isaac\game prototype (multiple modules)\game1\main.cpp(53): warning C4244: 'initializing': conversion from 'double' to 'float', possible loss of data
d:\dokument\git\dear_isaac\game prototype (multiple modules)\game1\main.cpp(89): warning C4244: 'argument': conversion from 'int' to 'float', possible loss of data
d:\dokument\git\dear_isaac\game prototype (multiple modules)\game1\main.cpp(89): warning C4244: 'argument': conversion from 'double' to 'float', possible loss of data
d:\dokument\git\dear_isaac\game prototype (multiple modules)\game1\main.cpp(93): warning C4244: 'argument': conversion from 'double' to 'float', possible loss of data
d:\dokument\git\dear_isaac\game prototype (multiple modules)\game1\main.cpp(95): warning C4244: 'argument': conversion from 'double' to 'float', possible loss of data
d:\dokument\git\dear_isaac\game prototype (multiple modules)\game1\main.cpp(103): warning C4244: 'initializing': conversion from 'double' to 'float', possible loss of data
d:\dokument\git\dear_isaac\game prototype (multiple modules)\game1\main.cpp(118): warning C4244: 'argument': conversion from 'double' to 'float', possible loss of data
d:\dokument\git\dear_isaac\game prototype (multiple modules)\game1\main.cpp(119): warning C4244: 'argument': conversion from 'double' to 'float', possible loss of data
d:\dokument\git\dear_isaac\game prototype (multiple modules)\game1\main.cpp(123): warning C4244: 'argument': conversion from 'double' to 'float', possible loss of data
d:\dokument\git\dear_isaac\game prototype (multiple modules)\game1\main.cpp(124): warning C4244: 'argument': conversion from 'double' to 'float', possible loss of data
d:\dokument\git\dear_isaac\game prototype (multiple modules)\game1\main.cpp(135): warning C4244: 'argument': conversion from 'double' to 'float', possible loss of data
d:\dokument\git\dear_isaac\game prototype (multiple modules)\game1\main.cpp(136): warning C4244: 'argument': conversion from 'double' to 'float', possible loss of data
d:\dokument\git\dear_isaac\game prototype (multiple modules)\game1\main.cpp(140): warning C4244: 'argument': conversion from 'double' to 'float', possible loss of data
d:\dokument\git\dear_isaac\game prototype (multiple modules)\game1\main.cpp(141): warning C4244: 'argument': conversion from 'double' to 'float', possible loss of data
d:\dokument\git\dear_isaac\game prototype (multiple modules)\game1\main.cpp(182): warning C4244: 'argument': conversion from 'int' to 'float', possible loss of data
d:\dokument\git\dear_isaac\game prototype (multiple modules)\game1\main.cpp(182): warning C4244: 'argument': conversion from 'double' to 'float', possible loss of data
d:\dokument\git\dear_isaac\game prototype (multiple modules)\game1\main.cpp(186): warning C4244: 'argument': conversion from 'double' to 'float', possible loss of data
d:\dokument\git\dear_isaac\game prototype (multiple modules)\game1\main.cpp(188): warning C4244: 'argument': conversion from 'double' to 'float', possible loss of data
d:\dokument\git\dear_isaac\game prototype (multiple modules)\game1\main.cpp(196): warning C4244: 'initializing': conversion from 'double' to 'float', possible loss of data
d:\dokument\git\dear_isaac\game prototype (multiple modules)\game1\main.cpp(211): warning C4244: 'argument': conversion from 'double' to 'float', possible loss of data
d:\dokument\git\dear_isaac\game prototype (multiple modules)\game1\main.cpp(212): warning C4244: 'argument': conversion from 'double' to 'float', possible loss of data
d:\dokument\git\dear_isaac\game prototype (multiple modules)\game1\main.cpp(216): warning C4244: 'argument': conversion from 'double' to 'float', possible loss of data
d:\dokument\git\dear_isaac\game prototype (multiple modules)\game1\main.cpp(217): warning C4244: 'argument': conversion from 'double' to 'float', possible loss of data
d:\dokument\git\dear_isaac\game prototype (multiple modules)\game1\main.cpp(228): warning C4244: 'argument': conversion from 'double' to 'float', possible loss of data
d:\dokument\git\dear_isaac\game prototype (multiple modules)\game1\main.cpp(229): warning C4244: 'argument': conversion from 'double' to 'float', possible loss of data
d:\dokument\git\dear_isaac\game prototype (multiple modules)\game1\main.cpp(233): warning C4244: 'argument': conversion from 'double' to 'float', possible loss of data
d:\dokument\git\dear_isaac\game prototype (multiple modules)\game1\main.cpp(234): warning C4244: 'argument': conversion from 'double' to 'float', possible loss of data
d:\dokument\git\dear_isaac\game prototype (multiple modules)\game1\main.cpp(269): warning C4244: '=': conversion from 'unsigned int' to 'float', possible loss of data
d:\dokument\git\dear_isaac\game prototype (multiple modules)\game1\main.cpp(270): warning C4244: '=': conversion from 'unsigned int' to 'float', possible loss of data
d:\dokument\git\dear_isaac\game prototype (multiple modules)\game1\main.cpp(273): warning C4244: '=': conversion from 'double' to 'float', possible loss of data
d:\dokument\git\dear_isaac\game prototype (multiple modules)\game1\main.cpp(274): warning C4244: '=': conversion from 'double' to 'float', possible loss of data
d:\dokument\git\dear_isaac\game prototype (multiple modules)\game1\main.cpp(286): warning C4244: 'argument': conversion from 'double' to 'float', possible loss of data
d:\dokument\git\dear_isaac\game prototype (multiple modules)\game1\main.cpp(288): warning C4244: 'argument': conversion from 'double' to 'float', possible loss of data
d:\dokument\git\dear_isaac\game prototype (multiple modules)\game1\main.cpp(311): warning C4244: '=': conversion from 'double' to 'float', possible loss of data
d:\dokument\git\dear_isaac\game prototype (multiple modules)\game1\main.cpp(312): warning C4244: '=': conversion from 'double' to 'float', possible loss of data
d:\dokument\git\dear_isaac\game prototype (multiple modules)\game1\main.cpp(317): warning C4244: '=': conversion from 'double' to 'float', possible loss of data
d:\dokument\git\dear_isaac\game prototype (multiple modules)\game1\main.cpp(318): warning C4244: '=': conversion from 'double' to 'float', possible loss of data
d:\dokument\git\dear_isaac\game prototype (multiple modules)\game1\main.cpp(347): warning C4244: 'argument': conversion from 'double' to 'float', possible loss of data
d:\dokument\git\dear_isaac\game prototype (multiple modules)\game1\main.cpp(359): warning C4244: 'argument': conversion from 'int' to 'float', possible loss of data
d:\dokument\git\dear_isaac\game prototype (multiple modules)\game1\main.cpp(359): warning C4244: 'argument': conversion from 'double' to 'float', possible loss of data
d:\dokument\git\dear_isaac\game prototype (multiple modules)\game1\main.cpp(363): warning C4244: 'argument': conversion from 'double' to 'float', possible loss of data
d:\dokument\git\dear_isaac\game prototype (multiple modules)\game1\main.cpp(365): warning C4244: 'argument': conversion from 'double' to 'float', possible loss of data
d:\dokument\git\dear_isaac\game prototype (multiple modules)\game1\main.cpp(374): warning C4244: 'initializing': conversion from 'double' to 'float', possible loss of data
d:\dokument\git\dear_isaac\game prototype (multiple modules)\game1\main.cpp(390): warning C4244: 'argument': conversion from 'double' to 'float', possible loss of data
d:\dokument\git\dear_isaac\game prototype (multiple modules)\game1\main.cpp(391): warning C4244: 'argument': conversion from 'double' to 'float', possible loss of data
d:\dokument\git\dear_isaac\game prototype (multiple modules)\game1\main.cpp(395): warning C4244: 'argument': conversion from 'double' to 'float', possible loss of data
d:\dokument\git\dear_isaac\game prototype (multiple modules)\game1\main.cpp(396): warning C4244: 'argument': conversion from 'double' to 'float', possible loss of data
d:\dokument\git\dear_isaac\game prototype (multiple modules)\game1\main.cpp(407): warning C4244: 'argument': conversion from 'double' to 'float', possible loss of data
d:\dokument\git\dear_isaac\game prototype (multiple modules)\game1\main.cpp(408): warning C4244: 'argument': conversion from 'double' to 'float', possible loss of data
d:\dokument\git\dear_isaac\game prototype (multiple modules)\game1\main.cpp(412): warning C4244: 'argument': conversion from 'double' to 'float', possible loss of data
d:\dokument\git\dear_isaac\game prototype (multiple modules)\game1\main.cpp(413): warning C4244: 'argument': conversion from 'double' to 'float', possible loss of data
d:\dokument\git\dear_isaac\game prototype (multiple modules)\game1\main.cpp(500): warning C4244: 'initializing': conversion from 'double' to 'float', possible loss of data
d:\dokument\git\dear_isaac\game prototype (multiple modules)\game1\main.cpp(504): warning C4244: 'argument': conversion from 'int' to 'float', possible loss of data
d:\dokument\git\dear_isaac\game prototype (multiple modules)\game1\main.cpp(506): warning C4244: 'argument': conversion from 'int' to 'float', possible loss of data
d:\dokument\git\dear_isaac\game prototype (multiple modules)\game1\main.cpp(512): warning C4244: 'argument': conversion from 'unsigned int' to 'float', possible loss of data
d:\dokument\git\dear_isaac\game prototype (multiple modules)\game1\main.cpp(515): warning C4244: 'argument': conversion from 'int' to 'float', possible loss of data
d:\dokument\git\dear_isaac\game prototype (multiple modules)\game1\main.cpp(516): warning C4244: 'argument': conversion from 'int' to 'float', possible loss of data
d:\dokument\git\dear_isaac\game prototype (multiple modules)\game1\main.cpp(545): warning C4244: 'argument': conversion from 'double' to 'float', possible loss of data
d:\dokument\git\dear_isaac\game prototype (multiple modules)\game1\main.cpp(581): warning C4244: 'argument': conversion from 'int' to 'float', possible loss of data
d:\dokument\git\dear_isaac\game prototype (multiple modules)\game1\main.cpp(591): warning C4305: '+=': truncation from 'double' to 'float'
d:\dokument\git\dear_isaac\game prototype (multiple modules)\game1\main.cpp(446): warning C4715: 'start_menue': not all control paths return a value
  game1.vcxproj -> D:\Dokument\Git\Dear_Isaac\Game prototype (multiple modules)\x64\Debug\game1.exe
  game1.vcxproj -> D:\Dokument\Git\Dear_Isaac\Game prototype (multiple modules)\x64\Debug\game1.pdb (Full PDB)
