Build started 2017-01-16 13:13:25.
     1>Project "C:\Users\alex.modee\Git\Daer-Isac2\Dear_Isaac\Integrering\prototype1\prototype1.vcxproj" on node 2 (Build target(s)).
     1>ClCompile:
         C:\Program Files (x86)\Microsoft Visual Studio 14.0\VC\bin\x86_amd64\CL.exe /c /IC:\GitHub\prototype1\sfml\include /ZI /nologo /W3 /WX- /Od /D _DEBUG /D _CONSOLE /D _UNICODE /D UNICODE /Gm /EHsc /RTC1 /MDd /GS /fp:precise /Zc:wchar_t /Zc:forScope /Zc:inline /Fo"x64\Debug\\" /Fd"x64\Debug\vc140.pdb" /Gd /TP /errorReport:prompt main.cpp
         main.cpp
     1>c:\users\alex.modee\git\daer-isac2\dear_isaac\integrering\prototype1\orbital_tools.h(39): warning C4244: 'argument': conversion from 'double' to 'float', possible loss of data
     1>c:\users\alex.modee\git\daer-isac2\dear_isaac\integrering\prototype1\orbital_tools.h(50): warning C4244: 'argument': conversion from 'double' to 'float', possible loss of data
     1>c:\users\alex.modee\git\daer-isac2\dear_isaac\integrering\prototype1\rendering_tools.h(33): warning C4244: 'argument': conversion from 'int' to 'float', possible loss of data
     1>c:\users\alex.modee\git\daer-isac2\dear_isaac\integrering\prototype1\rendering_tools.h(33): warning C4244: 'argument': conversion from 'double' to 'float', possible loss of data
     1>c:\users\alex.modee\git\daer-isac2\dear_isaac\integrering\prototype1\rendering_tools.h(37): warning C4244: 'argument': conversion from 'double' to 'float', possible loss of data
     1>c:\users\alex.modee\git\daer-isac2\dear_isaac\integrering\prototype1\rendering_tools.h(39): warning C4244: 'argument': conversion from 'double' to 'float', possible loss of data
     1>c:\users\alex.modee\git\daer-isac2\dear_isaac\integrering\prototype1\rendering_tools.h(47): warning C4244: 'initializing': conversion from 'double' to 'float', possible loss of data
     1>c:\users\alex.modee\git\daer-isac2\dear_isaac\integrering\prototype1\rendering_tools.h(62): warning C4244: 'argument': conversion from 'double' to 'float', possible loss of data
     1>c:\users\alex.modee\git\daer-isac2\dear_isaac\integrering\prototype1\rendering_tools.h(63): warning C4244: 'argument': conversion from 'double' to 'float', possible loss of data
     1>c:\users\alex.modee\git\daer-isac2\dear_isaac\integrering\prototype1\rendering_tools.h(67): warning C4244: 'argument': conversion from 'double' to 'float', possible loss of data
     1>c:\users\alex.modee\git\daer-isac2\dear_isaac\integrering\prototype1\rendering_tools.h(68): warning C4244: 'argument': conversion from 'double' to 'float', possible loss of data
     1>c:\users\alex.modee\git\daer-isac2\dear_isaac\integrering\prototype1\rendering_tools.h(79): warning C4244: 'argument': conversion from 'double' to 'float', possible loss of data
     1>c:\users\alex.modee\git\daer-isac2\dear_isaac\integrering\prototype1\rendering_tools.h(80): warning C4244: 'argument': conversion from 'double' to 'float', possible loss of data
     1>c:\users\alex.modee\git\daer-isac2\dear_isaac\integrering\prototype1\rendering_tools.h(84): warning C4244: 'argument': conversion from 'double' to 'float', possible loss of data
     1>c:\users\alex.modee\git\daer-isac2\dear_isaac\integrering\prototype1\rendering_tools.h(85): warning C4244: 'argument': conversion from 'double' to 'float', possible loss of data
     1>c:\users\alex.modee\git\daer-isac2\dear_isaac\integrering\prototype1\rendering_tools.h(126): warning C4244: 'argument': conversion from 'int' to 'float', possible loss of data
     1>c:\users\alex.modee\git\daer-isac2\dear_isaac\integrering\prototype1\rendering_tools.h(126): warning C4244: 'argument': conversion from 'double' to 'float', possible loss of data
     1>c:\users\alex.modee\git\daer-isac2\dear_isaac\integrering\prototype1\rendering_tools.h(130): warning C4244: 'argument': conversion from 'double' to 'float', possible loss of data
     1>c:\users\alex.modee\git\daer-isac2\dear_isaac\integrering\prototype1\rendering_tools.h(132): warning C4244: 'argument': conversion from 'double' to 'float', possible loss of data
     1>c:\users\alex.modee\git\daer-isac2\dear_isaac\integrering\prototype1\rendering_tools.h(140): warning C4244: 'initializing': conversion from 'double' to 'float', possible loss of data
     1>c:\users\alex.modee\git\daer-isac2\dear_isaac\integrering\prototype1\rendering_tools.h(155): warning C4244: 'argument': conversion from 'double' to 'float', possible loss of data
     1>c:\users\alex.modee\git\daer-isac2\dear_isaac\integrering\prototype1\rendering_tools.h(156): warning C4244: 'argument': conversion from 'double' to 'float', possible loss of data
     1>c:\users\alex.modee\git\daer-isac2\dear_isaac\integrering\prototype1\rendering_tools.h(160): warning C4244: 'argument': conversion from 'double' to 'float', possible loss of data
     1>c:\users\alex.modee\git\daer-isac2\dear_isaac\integrering\prototype1\rendering_tools.h(161): warning C4244: 'argument': conversion from 'double' to 'float', possible loss of data
     1>c:\users\alex.modee\git\daer-isac2\dear_isaac\integrering\prototype1\rendering_tools.h(172): warning C4244: 'argument': conversion from 'double' to 'float', possible loss of data
     1>c:\users\alex.modee\git\daer-isac2\dear_isaac\integrering\prototype1\rendering_tools.h(173): warning C4244: 'argument': conversion from 'double' to 'float', possible loss of data
     1>c:\users\alex.modee\git\daer-isac2\dear_isaac\integrering\prototype1\rendering_tools.h(177): warning C4244: 'argument': conversion from 'double' to 'float', possible loss of data
     1>c:\users\alex.modee\git\daer-isac2\dear_isaac\integrering\prototype1\rendering_tools.h(178): warning C4244: 'argument': conversion from 'double' to 'float', possible loss of data
     1>c:\users\alex.modee\git\daer-isac2\dear_isaac\integrering\prototype1\rendering_tools.h(249): warning C4244: 'initializing': conversion from 'float' to 'int', possible loss of data
     1>c:\users\alex.modee\git\daer-isac2\dear_isaac\integrering\prototype1\rendering_tools.h(354): warning C4244: 'argument': conversion from 'double' to 'float', possible loss of data
     1>c:\users\alex.modee\git\daer-isac2\dear_isaac\integrering\prototype1\rendering_tools.h(366): warning C4244: 'argument': conversion from 'int' to 'float', possible loss of data
     1>c:\users\alex.modee\git\daer-isac2\dear_isaac\integrering\prototype1\rendering_tools.h(366): warning C4244: 'argument': conversion from 'double' to 'float', possible loss of data
     1>c:\users\alex.modee\git\daer-isac2\dear_isaac\integrering\prototype1\rendering_tools.h(370): warning C4244: 'argument': conversion from 'double' to 'float', possible loss of data
     1>c:\users\alex.modee\git\daer-isac2\dear_isaac\integrering\prototype1\rendering_tools.h(372): warning C4244: 'argument': conversion from 'double' to 'float', possible loss of data
     1>c:\users\alex.modee\git\daer-isac2\dear_isaac\integrering\prototype1\rendering_tools.h(381): warning C4244: 'initializing': conversion from 'double' to 'float', possible loss of data
     1>c:\users\alex.modee\git\daer-isac2\dear_isaac\integrering\prototype1\rendering_tools.h(397): warning C4244: 'argument': conversion from 'double' to 'float', possible loss of data
     1>c:\users\alex.modee\git\daer-isac2\dear_isaac\integrering\prototype1\rendering_tools.h(398): warning C4244: 'argument': conversion from 'double' to 'float', possible loss of data
     1>c:\users\alex.modee\git\daer-isac2\dear_isaac\integrering\prototype1\rendering_tools.h(402): warning C4244: 'argument': conversion from 'double' to 'float', possible loss of data
     1>c:\users\alex.modee\git\daer-isac2\dear_isaac\integrering\prototype1\rendering_tools.h(403): warning C4244: 'argument': conversion from 'double' to 'float', possible loss of data
     1>c:\users\alex.modee\git\daer-isac2\dear_isaac\integrering\prototype1\rendering_tools.h(414): warning C4244: 'argument': conversion from 'double' to 'float', possible loss of data
     1>c:\users\alex.modee\git\daer-isac2\dear_isaac\integrering\prototype1\rendering_tools.h(415): warning C4244: 'argument': conversion from 'double' to 'float', possible loss of data
     1>c:\users\alex.modee\git\daer-isac2\dear_isaac\integrering\prototype1\rendering_tools.h(419): warning C4244: 'argument': conversion from 'double' to 'float', possible loss of data
     1>c:\users\alex.modee\git\daer-isac2\dear_isaac\integrering\prototype1\rendering_tools.h(420): warning C4244: 'argument': conversion from 'double' to 'float', possible loss of data
     1>c:\users\alex.modee\git\daer-isac2\dear_isaac\integrering\prototype1\rendering_tools.h(482): warning C4244: 'initializing': conversion from 'double' to 'float', possible loss of data
     1>c:\users\alex.modee\git\daer-isac2\dear_isaac\integrering\prototype1\rendering_tools.h(518): warning C4244: 'initializing': conversion from 'double' to 'float', possible loss of data
     1>c:\users\alex.modee\git\daer-isac2\dear_isaac\integrering\prototype1\rendering_tools.h(519): warning C4244: 'initializing': conversion from 'double' to 'float', possible loss of data
     1>c:\users\alex.modee\git\daer-isac2\dear_isaac\integrering\prototype1\rendering_tools.h(561): warning C4305: '+=': truncation from 'double' to 'float'
     1>c:\users\alex.modee\git\daer-isac2\dear_isaac\integrering\prototype1\rendering_tools.h(453): warning C4715: 'start_menue': not all control paths return a value
     1>c:\users\alex.modee\git\daer-isac2\dear_isaac\integrering\prototype1\rendering_tools.h(591): warning C4715: 'main_former': not all control paths return a value
       Link:
         C:\Program Files (x86)\Microsoft Visual Studio 14.0\VC\bin\x86_amd64\link.exe /ERRORREPORT:PROMPT /OUT:"C:\Users\alex.modee\Git\Daer-Isac2\Dear_Isaac\Integrering\x64\Debug\prototype1.exe" /INCREMENTAL /NOLOGO /LIBPATH:C:\GitHub\prototype1\sfml\lib "sfml-system-d.lib" "sfml-graphics-d.lib" "sfml-audio-d.lib" "sfml-network-d.lib" "sfml-window-d.lib" kernel32.lib user32.lib gdi32.lib winspool.lib comdlg32.lib advapi32.lib shell32.lib ole32.lib oleaut32.lib uuid.lib odbc32.lib odbccp32.lib /MANIFEST /MANIFESTUAC:"level='asInvoker' uiAccess='false'" /manifest:embed /Debug /PDB:"C:\Users\alex.modee\Git\Daer-Isac2\Dear_Isaac\Integrering\x64\Debug\prototype1.pdb" /SUBSYSTEM:CONSOLE /TLBID:1 /DYNAMICBASE /NXCOMPAT /IMPLIB:"C:\Users\alex.modee\Git\Daer-Isac2\Dear_Isaac\Integrering\x64\Debug\prototype1.lib" /MACHINE:X64 x64\Debug\main.obj
         prototype1.vcxproj -> C:\Users\alex.modee\Git\Daer-Isac2\Dear_Isaac\Integrering\x64\Debug\prototype1.exe
     1>Done Building Project "C:\Users\alex.modee\Git\Daer-Isac2\Dear_Isaac\Integrering\prototype1\prototype1.vcxproj" (Build target(s)).

Build succeeded.

Time Elapsed 00:00:01.17
