  Source.cpp
c:\users\admin\bibliotek\programvara\c++\dear_isaac\integration\orbitals\orbital_tools.h(108): warning C4244: 'argument': conversion from 'double' to 'float', possible loss of data
c:\users\admin\bibliotek\programvara\c++\dear_isaac\integration\orbitals\orbital_tools.h(241): warning C4244: 'argument': conversion from 'double' to 'float', possible loss of data
c:\users\admin\bibliotek\programvara\c++\dear_isaac\integration\orbitals\orbital_tools.h(242): warning C4244: 'argument': conversion from 'double' to 'float', possible loss of data
c:\users\admin\bibliotek\programvara\c++\dear_isaac\integration\orbitals\orbital_tools.h(244): warning C4244: 'argument': conversion from 'double' to 'float', possible loss of data
c:\users\admin\bibliotek\programvara\c++\dear_isaac\integration\orbitals\orbital_tools.h(273): warning C4244: 'argument': conversion from 'double' to 'float', possible loss of data
c:\users\admin\bibliotek\programvara\c++\dear_isaac\integration\orbitals\orbital_tools.h(274): warning C4305: 'argument': truncation from 'double' to 'float'
c:\users\admin\bibliotek\programvara\c++\dear_isaac\integration\orbitals\orbital_tools.h(275): warning C4305: 'argument': truncation from 'double' to 'float'
c:\users\admin\bibliotek\programvara\c++\dear_isaac\integration\orbitals\orbital_tools.h(438): warning C4305: 'argument': truncation from 'double' to 'float'
c:\users\admin\bibliotek\programvara\c++\dear_isaac\integration\orbitals\orbital_tools.h(665): warning C4244: 'argument': conversion from 'double' to 'int', possible loss of data
c:\users\admin\bibliotek\programvara\c++\dear_isaac\integration\orbitals\orbital_tools.h(759): warning C4244: 'argument': conversion from 'double' to 'int', possible loss of data
c:\users\admin\bibliotek\programvara\c++\dear_isaac\integration\orbitals\render_tools.h(98): warning C4244: '=': conversion from 'unsigned int' to 'float', possible loss of data
c:\users\admin\bibliotek\programvara\c++\dear_isaac\integration\orbitals\render_tools.h(99): warning C4244: '=': conversion from 'unsigned int' to 'float', possible loss of data
c:\users\admin\bibliotek\programvara\c++\dear_isaac\integration\orbitals\render_tools.h(118): warning C4244: 'argument': conversion from 'double' to 'float', possible loss of data
c:\users\admin\bibliotek\programvara\c++\dear_isaac\integration\orbitals\render_tools.h(124): warning C4244: 'argument': conversion from 'double' to 'float', possible loss of data
c:\users\admin\bibliotek\programvara\c++\dear_isaac\integration\orbitals\render_tools.h(142): warning C4244: 'argument': conversion from 'double' to 'float', possible loss of data
c:\users\admin\bibliotek\programvara\c++\dear_isaac\integration\orbitals\render_tools.h(205): warning C4244: 'initializing': conversion from 'double' to 'float', possible loss of data
c:\users\admin\bibliotek\programvara\c++\dear_isaac\integration\orbitals\render_tools.h(209): warning C4244: 'argument': conversion from 'int' to 'float', possible loss of data
c:\users\admin\bibliotek\programvara\c++\dear_isaac\integration\orbitals\render_tools.h(211): warning C4244: 'argument': conversion from 'int' to 'float', possible loss of data
c:\users\admin\bibliotek\programvara\c++\dear_isaac\integration\orbitals\render_tools.h(217): warning C4244: 'argument': conversion from 'unsigned int' to 'float', possible loss of data
c:\users\admin\bibliotek\programvara\c++\dear_isaac\integration\orbitals\render_tools.h(220): warning C4244: 'argument': conversion from 'int' to 'float', possible loss of data
c:\users\admin\bibliotek\programvara\c++\dear_isaac\integration\orbitals\render_tools.h(221): warning C4244: 'argument': conversion from 'int' to 'float', possible loss of data
c:\users\admin\bibliotek\programvara\c++\dear_isaac\integration\orbitals\render_tools.h(271): warning C4244: 'argument': conversion from 'int' to 'float', possible loss of data
c:\users\admin\bibliotek\programvara\c++\dear_isaac\integration\orbitals\render_tools.h(271): warning C4244: 'argument': conversion from 'double' to 'float', possible loss of data
c:\users\admin\bibliotek\programvara\c++\dear_isaac\integration\orbitals\render_tools.h(275): warning C4244: 'argument': conversion from 'double' to 'float', possible loss of data
c:\users\admin\bibliotek\programvara\c++\dear_isaac\integration\orbitals\render_tools.h(277): warning C4244: 'argument': conversion from 'double' to 'float', possible loss of data
c:\users\admin\bibliotek\programvara\c++\dear_isaac\integration\orbitals\render_tools.h(285): warning C4244: 'initializing': conversion from 'double' to 'float', possible loss of data
c:\users\admin\bibliotek\programvara\c++\dear_isaac\integration\orbitals\render_tools.h(300): warning C4244: 'argument': conversion from 'double' to 'float', possible loss of data
c:\users\admin\bibliotek\programvara\c++\dear_isaac\integration\orbitals\render_tools.h(301): warning C4244: 'argument': conversion from 'double' to 'float', possible loss of data
c:\users\admin\bibliotek\programvara\c++\dear_isaac\integration\orbitals\render_tools.h(305): warning C4244: 'argument': conversion from 'double' to 'float', possible loss of data
c:\users\admin\bibliotek\programvara\c++\dear_isaac\integration\orbitals\render_tools.h(306): warning C4244: 'argument': conversion from 'double' to 'float', possible loss of data
c:\users\admin\bibliotek\programvara\c++\dear_isaac\integration\orbitals\render_tools.h(317): warning C4244: 'argument': conversion from 'double' to 'float', possible loss of data
c:\users\admin\bibliotek\programvara\c++\dear_isaac\integration\orbitals\render_tools.h(318): warning C4244: 'argument': conversion from 'double' to 'float', possible loss of data
c:\users\admin\bibliotek\programvara\c++\dear_isaac\integration\orbitals\render_tools.h(322): warning C4244: 'argument': conversion from 'double' to 'float', possible loss of data
c:\users\admin\bibliotek\programvara\c++\dear_isaac\integration\orbitals\render_tools.h(323): warning C4244: 'argument': conversion from 'double' to 'float', possible loss of data
c:\users\admin\bibliotek\programvara\c++\dear_isaac\integration\orbitals\render_tools.h(362): warning C4244: 'argument': conversion from 'int' to 'float', possible loss of data
c:\users\admin\bibliotek\programvara\c++\dear_isaac\integration\orbitals\render_tools.h(362): warning C4244: 'argument': conversion from 'double' to 'float', possible loss of data
c:\users\admin\bibliotek\programvara\c++\dear_isaac\integration\orbitals\render_tools.h(366): warning C4244: 'argument': conversion from 'double' to 'float', possible loss of data
c:\users\admin\bibliotek\programvara\c++\dear_isaac\integration\orbitals\render_tools.h(368): warning C4244: 'argument': conversion from 'double' to 'float', possible loss of data
c:\users\admin\bibliotek\programvara\c++\dear_isaac\integration\orbitals\render_tools.h(378): warning C4244: 'initializing': conversion from 'double' to 'float', possible loss of data
c:\users\admin\bibliotek\programvara\c++\dear_isaac\integration\orbitals\render_tools.h(393): warning C4244: 'argument': conversion from 'double' to 'float', possible loss of data
c:\users\admin\bibliotek\programvara\c++\dear_isaac\integration\orbitals\render_tools.h(394): warning C4244: 'argument': conversion from 'double' to 'float', possible loss of data
c:\users\admin\bibliotek\programvara\c++\dear_isaac\integration\orbitals\render_tools.h(398): warning C4244: 'argument': conversion from 'double' to 'float', possible loss of data
c:\users\admin\bibliotek\programvara\c++\dear_isaac\integration\orbitals\render_tools.h(399): warning C4244: 'argument': conversion from 'double' to 'float', possible loss of data
c:\users\admin\bibliotek\programvara\c++\dear_isaac\integration\orbitals\render_tools.h(410): warning C4244: 'argument': conversion from 'double' to 'float', possible loss of data
c:\users\admin\bibliotek\programvara\c++\dear_isaac\integration\orbitals\render_tools.h(411): warning C4244: 'argument': conversion from 'double' to 'float', possible loss of data
c:\users\admin\bibliotek\programvara\c++\dear_isaac\integration\orbitals\render_tools.h(415): warning C4244: 'argument': conversion from 'double' to 'float', possible loss of data
c:\users\admin\bibliotek\programvara\c++\dear_isaac\integration\orbitals\render_tools.h(416): warning C4244: 'argument': conversion from 'double' to 'float', possible loss of data
c:\users\admin\bibliotek\programvara\c++\dear_isaac\integration\orbitals\render_tools.h(372): warning C4101: 'output': unreferenced local variable
c:\users\admin\bibliotek\programvara\c++\dear_isaac\integration\orbitals\render_tools.h(456): warning C4244: 'argument': conversion from 'double' to 'float', possible loss of data
c:\users\admin\bibliotek\programvara\c++\dear_isaac\integration\orbitals\render_tools.h(470): warning C4244: 'argument': conversion from 'int' to 'float', possible loss of data
c:\users\admin\bibliotek\programvara\c++\dear_isaac\integration\orbitals\render_tools.h(470): warning C4244: 'argument': conversion from 'double' to 'float', possible loss of data
c:\users\admin\bibliotek\programvara\c++\dear_isaac\integration\orbitals\render_tools.h(474): warning C4244: 'argument': conversion from 'double' to 'float', possible loss of data
c:\users\admin\bibliotek\programvara\c++\dear_isaac\integration\orbitals\render_tools.h(476): warning C4244: 'argument': conversion from 'double' to 'float', possible loss of data
c:\users\admin\bibliotek\programvara\c++\dear_isaac\integration\orbitals\render_tools.h(485): warning C4244: 'initializing': conversion from 'double' to 'float', possible loss of data
c:\users\admin\bibliotek\programvara\c++\dear_isaac\integration\orbitals\render_tools.h(501): warning C4244: 'argument': conversion from 'double' to 'float', possible loss of data
c:\users\admin\bibliotek\programvara\c++\dear_isaac\integration\orbitals\render_tools.h(502): warning C4244: 'argument': conversion from 'double' to 'float', possible loss of data
c:\users\admin\bibliotek\programvara\c++\dear_isaac\integration\orbitals\render_tools.h(506): warning C4244: 'argument': conversion from 'double' to 'float', possible loss of data
c:\users\admin\bibliotek\programvara\c++\dear_isaac\integration\orbitals\render_tools.h(507): warning C4244: 'argument': conversion from 'double' to 'float', possible loss of data
c:\users\admin\bibliotek\programvara\c++\dear_isaac\integration\orbitals\render_tools.h(518): warning C4244: 'argument': conversion from 'double' to 'float', possible loss of data
c:\users\admin\bibliotek\programvara\c++\dear_isaac\integration\orbitals\render_tools.h(519): warning C4244: 'argument': conversion from 'double' to 'float', possible loss of data
c:\users\admin\bibliotek\programvara\c++\dear_isaac\integration\orbitals\render_tools.h(523): warning C4244: 'argument': conversion from 'double' to 'float', possible loss of data
c:\users\admin\bibliotek\programvara\c++\dear_isaac\integration\orbitals\render_tools.h(524): warning C4244: 'argument': conversion from 'double' to 'float', possible loss of data
  Generating code
  802 of 804 functions (99.8%) were compiled, the rest were copied from previous compilation.
    46 functions were new in current compilation
    0 functions had inline decision re-evaluated but remain unchanged
  Finished generating code
  Orbitals.vcxproj -> C:\Users\Admin\Bibliotek\Programvara\C++\Dear_Isaac\Integration\x64\Release\Orbitals.exe
  Orbitals.vcxproj -> C:\Users\Admin\Bibliotek\Programvara\C++\Dear_Isaac\Integration\x64\Release\Orbitals.pdb (Full PDB)
